<?xml version="1.0" encoding="UTF-8"?>
<!-- Generated by org.testng.reporters.JUnitReportReporter -->
<testsuite hostname="ACU-HYD-LT-639" failures="0" tests="1" name="testCases.TC02_LoginTest" time="1.587" errors="0" timestamp="2025-01-19T23:43:19 IST" skipped="0">
  <testcase classname="testCases.TC02_LoginTest" name="verify_login_with_valid_credentials" time="1.587"/>
</testsuite> <!-- testCases.TC02_LoginTest -->
