<?xml version="1.0" encoding="UTF-8"?>
<!-- Generated by org.testng.reporters.JUnitReportReporter -->
<testsuite hostname="ACU-HYD-LT-639" failures="0" tests="1" name="testCases.SC02_LoginTest" time="1.685" errors="0" timestamp="2025-01-19T21:33:03 IST" skipped="0">
  <testcase classname="testCases.SC02_LoginTest" name="TC01_verify_login_with_valid_credentials" time="1.685"/>
</testsuite> <!-- testCases.SC02_LoginTest -->
