<?xml version="1.0" encoding="UTF-8"?>
<!-- Generated by org.testng.reporters.JUnitReportReporter -->
<testsuite hostname="ACU-HYD-LT-639" failures="0" tests="1" name="testCases.TC002_LoginTest" time="2.542" errors="0" timestamp="2025-01-19T18:58:01 IST" skipped="0">
  <testcase classname="testCases.TC002_LoginTest" name="TC002_verify_login_with_valid_credentials" time="2.542"/>
</testsuite> <!-- testCases.TC002_LoginTest -->
