<?xml version="1.0" encoding="UTF-8"?>
<!-- Generated by org.testng.reporters.JUnitReportReporter -->
<testsuite hostname="ACU-HYD-LT-639" failures="0" tests="1" name="testCases.SC01_AccountRegistrationTest" time="2.099" errors="0" timestamp="2025-01-19T23:05:39 IST" skipped="0">
  <testcase classname="testCases.SC01_AccountRegistrationTest" name="TC01_verify_account_registration" time="2.099"/>
</testsuite> <!-- testCases.SC01_AccountRegistrationTest -->
