<?xml version="1.0" encoding="UTF-8"?>
<!-- Generated by org.testng.reporters.JUnitReportReporter -->
<testsuite hostname="ACU-HYD-LT-639" failures="0" tests="1" name="testCases.TC03_LoginTest" time="1.423" errors="0" timestamp="2025-01-19T23:43:19 IST" skipped="0">
  <testcase classname="testCases.TC03_LoginTest" name="verify_login_with_invalid_credentials" time="1.423"/>
</testsuite> <!-- testCases.TC03_LoginTest -->
