<?xml version="1.0" encoding="UTF-8"?>
<!-- Generated by org.testng.reporters.JUnitReportReporter -->
<testsuite hostname="ACU-HYD-LT-639" failures="0" tests="1" name="testCases.TC01_AccountRegistrationTest" time="2.237" errors="0" timestamp="2025-02-26T13:01:09 IST" skipped="0">
  <testcase classname="testCases.TC01_AccountRegistrationTest" name="verify_account_registration" time="2.237"/>
</testsuite> <!-- testCases.TC01_AccountRegistrationTest -->
