<?xml version="1.0" encoding="UTF-8"?>
<!-- Generated by org.testng.reporters.JUnitReportReporter -->
<testsuite hostname="ACU-HYD-LT-639" failures="0" tests="1" name="testCases.TC01_AccountRegistrationTest" time="2.182" errors="0" timestamp="2025-01-19T23:43:19 IST" skipped="0">
  <testcase classname="testCases.TC01_AccountRegistrationTest" name="verify_account_registration" time="2.182"/>
</testsuite> <!-- testCases.TC01_AccountRegistrationTest -->
